<?xml version="1.0" encoding="UTF-8"?>
<!-- Generated by org.testng.reporters.JUnitXMLReporter -->
<testsuite ignored="1" hostname="arzu" failures="1" tests="3" name="Test" time="0.088" errors="0" timestamp="2020-05-26T20:12:20 CDT">
  <testcase classname="Com.class03.GroupsDemo" name="test2" time="0.013">
    <failure type="java.lang.AssertionError">
      <![CDATA[java.lang.AssertionError
at org.junit.Assert.fail(Assert.java:86)
at org.junit.Assert.assertTrue(Assert.java:41)
at org.junit.Assert.assertTrue(Assert.java:52)
at Com.class03.GroupsDemo.test2(GroupsDemo.java:17)
at java.base/java.util.ArrayList.forEach(ArrayList.java:1507)
... Removed 27 stack frames]]>
    </failure>
  </testcase> <!-- test2 -->
  <testcase classname="Com.class03.GroupsDemo" name="test3" time="0.004"/>
  <testcase classname="Com.class03.GroupsDemo" name="test4" time="0.003"/>
  <testcase classname="Com.class03.GroupsDemo" name="test1" time="0.0">
    <ignored/>
  </testcase> <!-- test1 -->
</testsuite> <!-- Test -->
